[wefallinlove.katsudoto.id/index.html]
[backblue.gif]
[fade.gif]
[index.html]
[katsudoto.id/media/public/14315/12520/cover/thumb_md_99438_1662206225_1000_1000.jpg]
[katsudoto.id/src/jquery.js]
[katsudoto.id/media/kat/favicon.png]
[katsudoto.id/plugin/selectize/dist/css/selectize.default.css]
[katsudoto.id/plugin/flexbin/flexbin.css]
[katsudoto.id/plugin/aos/dist/aos.css]
[katsudoto.id/plugin/lightgallery/dist/css/lightgallery.css]
[katsudoto.id/plugin/fontawesome/css/all.css]
[katsudoto.id/plugin/slick/slick.css]
[katsudoto.id/plugin/modal-video/css/modal-video.min.css]
[katsudoto.id/src/universalb404.css]
[katsudoto.id/src/template/globalb404.css]
[katsudoto.id/src/template/exclusive-04b404.css]
[katsudoto.id/media/template/effects/chindy/orn-01.png]
[katsudoto.id/media/template/effects/chindy/orn-02.png]
[katsudoto.id/media/public/14315/12520/logo/thumb_lg_97822_1662207186_800_800.png]
[katsudoto.id/media/public/14315/12520/couple/thumb_lg_97820_1661704341_1200_1200.jpg]
[katsudoto.id/media/public/14315/12520/couple/thumb_lg_97821_1661704360_1200_1200.jpg]
[katsudoto.id/media/public/14315/12520/story/thumb_lg_99484_1662220563_1600_1600.jpg]
[katsudoto.id/media/public/14315/12520/story/thumb_md_99484_1662220562_800_800.jpg]
[katsudoto.id/media/public/14315/12520/story/thumb_lg_99487_1662220609_1600_1600.jpg]
[katsudoto.id/media/public/14315/12520/story/thumb_md_99487_1662220608_800_800.jpg]
[katsudoto.id/media/public/14315/12520/story/thumb_lg_99489_1662223969_1600_1600.jpg]
[katsudoto.id/media/public/14315/12520/story/thumb_md_99489_1662223968_800_800.jpg]
[katsudoto.id/media/public/14315/12520/story/thumb_lg_99490_1662219423_1600_1600.jpg]
[katsudoto.id/media/public/14315/12520/story/thumb_md_99490_1662219423_800_800.jpg]
[katsudoto.id/media/public/14315/12520/story/thumb_lg_99496_1662220090_1600_1600.jpg]
[katsudoto.id/media/public/14315/12520/story/thumb_md_99496_1662220090_800_800.jpg]
[katsudoto.id/media/public/14315/12520/story/thumb_lg_99498_1662220315_1600_1600.jpg]
[katsudoto.id/media/public/14315/12520/story/thumb_md_99498_1662220314_800_800.jpg]
[katsudoto.id/media/public/14315/12520/gallery/thumb_lg_99252_1662182169_1600_1600.jpg]
[katsudoto.id/media/public/14315/12520/gallery/thumb_md_99252_1662182168_800_800.jpg]
[katsudoto.id/media/public/14315/12520/gallery/thumb_lg_99253_1662182218_1600_1600.jpg]
[katsudoto.id/media/public/14315/12520/gallery/thumb_md_99253_1662182217_800_800.jpg]
[katsudoto.id/media/public/14315/12520/gallery/thumb_lg_99258_1662182306_1600_1600.jpg]
[katsudoto.id/media/public/14315/12520/gallery/thumb_md_99258_1662182305_800_800.jpg]
[katsudoto.id/media/public/14315/12520/gallery/thumb_lg_99260_1662182376_1600_1600.jpg]
[katsudoto.id/media/public/14315/12520/gallery/thumb_md_99260_1662182375_800_800.jpg]
[katsudoto.id/media/public/14315/12520/gallery/thumb_lg_99262_1662182486_1600_1600.jpg]
[katsudoto.id/media/public/14315/12520/gallery/thumb_md_99262_1662182485_800_800.jpg]
[katsudoto.id/media/public/14315/12520/gallery/thumb_lg_99263_1662182488_1600_1600.jpg]
[katsudoto.id/media/public/14315/12520/gallery/thumb_md_99263_1662182488_800_800.jpg]
[katsudoto.id/media/public/14315/12520/gallery/thumb_lg_99272_1662182795_1600_1600.jpg]
[katsudoto.id/media/public/14315/12520/gallery/thumb_md_99272_1662182794_800_800.jpg]
[katsudoto.id/media/public/14315/12520/gallery/thumb_lg_99276_1662182997_1600_1600.jpg]
[katsudoto.id/media/public/14315/12520/gallery/thumb_md_99276_1662182996_800_800.jpg]
[katsudoto.id/media/public/14315/12520/gallery/thumb_lg_99283_1662183786_1600_1600.jpg]
[katsudoto.id/media/public/14315/12520/gallery/thumb_md_99283_1662183786_800_800.jpg]
[katsudoto.id/media/public/14315/12520/gallery/thumb_lg_99285_1662183886_1600_1600.jpg]
[katsudoto.id/media/public/14315/12520/gallery/thumb_md_99285_1662183885_800_800.jpg]
[katsudoto.id/media/public/14315/12520/gallery/thumb_lg_99290_1662184056_1600_1600.jpg]
[katsudoto.id/media/public/14315/12520/gallery/thumb_md_99290_1662184056_800_800.jpg]
[katsudoto.id/media/public/14315/12520/gallery/thumb_lg_99300_1662184333_1600_1600.jpg]
[katsudoto.id/media/public/14315/12520/gallery/thumb_md_99300_1662184333_800_800.jpg]
[katsudoto.id/media/public/14315/12520/gallery/thumb_lg_99304_1662184403_1600_1600.jpg]
[katsudoto.id/media/public/14315/12520/gallery/thumb_md_99304_1662184403_800_800.jpg]
[katsudoto.id/media/public/14315/12520/gallery/thumb_lg_99305_1662184405_1600_1600.jpg]
[katsudoto.id/media/public/14315/12520/gallery/thumb_md_99305_1662184404_800_800.jpg]
[katsudoto.id/media/public/14315/12520/gallery/thumb_lg_99312_1662184567_1600_1600.jpg]
[katsudoto.id/media/public/14315/12520/gallery/thumb_md_99312_1662184567_800_800.jpg]
[katsudoto.id/media/public/14315/12520/gallery/thumb_lg_99314_1662184572_1600_1600.jpg]
[katsudoto.id/media/public/14315/12520/gallery/thumb_md_99314_1662184572_800_800.jpg]
[katsudoto.id/media/public/14315/12520/gallery/thumb_lg_99326_1662185858_1600_1600.jpg]
[katsudoto.id/media/public/14315/12520/gallery/thumb_md_99326_1662185857_800_800.jpg]
[katsudoto.id/media/public/14315/12520/gallery/thumb_lg_99331_1662186169_1600_1600.jpg]
[katsudoto.id/media/public/14315/12520/gallery/thumb_md_99331_1662186168_800_800.jpg]
[katsudoto.id/media/public/14315/12520/gallery/thumb_lg_99332_1662186269_1600_1600.jpg]
[katsudoto.id/media/public/14315/12520/gallery/thumb_md_99332_1662186269_800_800.jpg]
[katsudoto.id/media/public/14315/12520/gallery/thumb_lg_99354_1662186929_1600_1600.jpg]
[katsudoto.id/media/public/14315/12520/gallery/thumb_md_99354_1662186929_800_800.jpg]
[katsudoto.id/media/public/14315/12520/gallery/thumb_lg_99359_1662187019_1600_1600.jpg]
[katsudoto.id/media/public/14315/12520/gallery/thumb_md_99359_1662187019_800_800.jpg]
[katsudoto.id/media/public/14315/12520/gallery/thumb_lg_99368_1662187134_1600_1600.jpg]
[katsudoto.id/media/public/14315/12520/gallery/thumb_md_99368_1662187134_800_800.jpg]
[img.youtube.com/vi/wDq-QvjF_qA/hqdefault.jpg]
[katsudoto.id/media/template/icons/gold/01.png]
[katsudoto.id/media/template/icons/gold/02.png]
[katsudoto.id/media/public/14315/12520/logo/thumb_lg_100284_1662456673__800_800.jpg]
[katsudoto.id/media/public/14315/12520/filter/thumb_md_99043_600_600.jpg]
[katsudoto.id/media/template/protocol/02/protocol_head_english.png]
[katsudoto.id/media/template/protocol/02/protocol_bg.jpg]
[katsudoto.id/media/template/protocol/02/protocol_people.png]
[katsudoto.id/plugin/aos/dist/aos.js]
[katsudoto.id/plugin/slick/slick.min.js]
[katsudoto.id/plugin/selectize/dist/js/standalone/selectize.min.js]
[katsudoto.id/plugin/modal-video/js/jquery-modal-video.min.js]
[katsudoto.id/plugin/lightgallery/dist/js/lightgallery.min.js]
[katsudoto.id/src/universalb404.js]
[wefallinlove.katsudoto.id/index.html]
[www.googletagmanager.com/gtm5445.html]
[katsudoto.id/plugin/selectize/dist/css/selectize.default.css]
[katsudoto.id/plugin/flexbin/flexbin.css]
[katsudoto.id/plugin/aos/dist/aos.css]
[katsudoto.id/src/template/templateb404.js]
[katsudoto.id/plugin/lightgallery/dist/img/vimeo-play.png]
[katsudoto.id/plugin/lightgallery/dist/img/video-play.png]
[katsudoto.id/plugin/lightgallery/dist/img/youtube-play.png]
[katsudoto.id/plugin/lightgallery/dist/img/loading.gif]
[katsudoto.id/plugin/lightgallery/dist/css/lightgallery.css]
[katsudoto.id/plugin/fontawesome/css/all.css]
[katsudoto.id/plugin/slick/slick.css]
[katsudoto.id/plugin/modal-video/css/modal-video.min.css]
[katsudoto.id/media/kat/bg-wa-box-fix.jpg]
[katsudoto.id/media/kontak/inner-background.png]
[katsudoto.id/src/universalb404.css]
[katsudoto.id/media/template/icon/gold/01.png]
[katsudoto.id/media/template/icon/gold/02.png]
[katsudoto.id/media/template/icon/gold/03.png]
[katsudoto.id/media/template/icon/gold/04.png]
[katsudoto.id/media/template/icon/gold/05.png]
[katsudoto.id/media/template/icon/gray/01.png]
[katsudoto.id/media/template/icon/gray/02.png]
[katsudoto.id/media/template/icon/gray/03.png]
[katsudoto.id/media/template/icon/gray/04.png]
[katsudoto.id/media/template/icon/gray/05.png]
[katsudoto.id/media/template/icon/light/01.png]
[katsudoto.id/media/template/icon/light/02.png]
[katsudoto.id/media/template/icon/light/03.png]
[katsudoto.id/media/template/icon/light/04.png]
[katsudoto.id/media/template/icon/light/05.png]
[katsudoto.id/media/template/biasa-01/01/flower-01.png]
[katsudoto.id/media/template/biasa-01/01/flower-02.png]
[katsudoto.id/media/template/biasa-01/01/line-01.png]
[katsudoto.id/media/template/biasa-01/01/line-02.png]
[katsudoto.id/media/template/biasa-01/01/line-01-md.png]
[katsudoto.id/media/template/biasa-01/01/line-02-md.png]
[katsudoto.id/media/template/biasa-01/01/orn-01.png]
[katsudoto.id/media/template/biasa-01/01/bg-lg-01.jpg]
[katsudoto.id/media/template/biasa-01/01/bg-md-01.jpg]
[katsudoto.id/media/template/biasa-01/01/bg-sm-01.jpg]
[katsudoto.id/media/template/biasa-01/02/flower-01.png]
[katsudoto.id/media/template/biasa-01/02/flower-02.png]
[katsudoto.id/media/template/biasa-01/02/line-01.png]
[katsudoto.id/media/template/biasa-01/02/line-02.png]
[katsudoto.id/media/template/biasa-01/02/line-01-md.png]
[katsudoto.id/media/template/biasa-01/02/line-02-md.png]
[katsudoto.id/media/template/biasa-01/02/orn-01.png]
[katsudoto.id/media/template/biasa-01/02/bg-lg-01.jpg]
[katsudoto.id/media/template/biasa-01/02/bg-md-01.jpg]
[katsudoto.id/media/template/biasa-01/02/bg-sm-01.jpg]
[katsudoto.id/media/template/biasa-01/03/flower-01.png]
[katsudoto.id/media/template/biasa-01/03/flower-02.png]
[katsudoto.id/media/template/biasa-01/03/line-01.png]
[katsudoto.id/media/template/biasa-01/03/line-02.png]
[katsudoto.id/media/template/biasa-01/03/line-01-md.png]
[katsudoto.id/media/template/biasa-01/03/line-02-md.png]
[katsudoto.id/media/template/biasa-01/03/orn-01.png]
[katsudoto.id/media/template/biasa-01/03/bg-lg-01.jpg]
[katsudoto.id/media/template/biasa-01/03/bg-md-01.jpg]
[katsudoto.id/media/template/biasa-01/03/bg-sm-01.jpg]
[katsudoto.id/media/template/nanda/01/orn-01.png]
[katsudoto.id/media/template/nanda/01/orn-02.png]
[katsudoto.id/media/template/nanda/01/orn-03.png]
[katsudoto.id/media/template/nanda/01/orn-04.png]
[katsudoto.id/media/template/nanda/01/orn-05.png]
[katsudoto.id/media/template/nanda/01/orn-06.png]
[katsudoto.id/media/template/nanda/01/orn-07.png]
[katsudoto.id/media/template/nanda/01/orn-08.png]
[katsudoto.id/media/template/nanda/01/orn-cover-desktop.png]
[katsudoto.id/media/template/nanda/01/orn-cover-tablet.png]
[katsudoto.id/media/template/nanda/01/orn-cover-mobile.png]
[katsudoto.id/media/template/nanda/01/bg-cover.png]
[katsudoto.id/media/template/nanda/01/bg-cover-mobile.png]
[katsudoto.id/media/template/nanda/01/bg-countdown.png]
[katsudoto.id/media/template/nanda/01/bg-groom.png]
[katsudoto.id/media/template/nanda/01/bg-bride.png]
[katsudoto.id/media/template/nanda/01/palace.png]
[katsudoto.id/media/template/details/music.png]
[katsudoto.id/src/template/globalb404.css]
[katsudoto.id/media/template/exclusive-04/01/orn-01.png]
[katsudoto.id/media/template/exclusive-04/01/orn-02.png]
[katsudoto.id/media/template/exclusive-04/01/orn-03.png]
[katsudoto.id/media/template/exclusive-04/01/orn-04.png]
[katsudoto.id/media/template/exclusive-04/01/orn-05.png]
[katsudoto.id/media/template/exclusive-04/01/orn-06.png]
[katsudoto.id/media/template/exclusive-04/01/orn-07.png]
[katsudoto.id/media/template/exclusive-04/01/orn-08.png]
[katsudoto.id/media/template/exclusive-04/01/orn-09.png]
[katsudoto.id/media/template/exclusive-04/01/bg-cover.jpg]
[katsudoto.id/media/template/exclusive-04/01/bg-couple.jpg]
[katsudoto.id/media/template/exclusive-04/01/bg-rsvp.jpg]
[katsudoto.id/media/template/exclusive-04/01/bg-gift.png]
[katsudoto.id/src/template/exclusive-04b404.css]
[katsudoto.id/media/template/icon/gold/01.html]
[katsudoto.id/media/template/icon/gold/02.html]
[katsudoto.id/media/template/icon/gold/03.html]
[katsudoto.id/media/template/icon/gold/04.html]
[katsudoto.id/media/template/icon/gold/05.html]
[katsudoto.id/media/template/icon/gray/01.html]
[katsudoto.id/media/template/icon/gray/02.html]
[katsudoto.id/media/template/icon/gray/03.html]
[katsudoto.id/media/template/icon/gray/04.html]
[katsudoto.id/media/template/icon/gray/05.html]
[katsudoto.id/media/template/icon/light/01.html]
[katsudoto.id/media/template/icon/light/02.html]
[katsudoto.id/media/template/icon/light/03.html]
[katsudoto.id/media/template/icon/light/04.html]
[katsudoto.id/media/template/icon/light/05.html]
